\BOOKMARK [0][-]{chapter.1}{\376\377\000I\000n\000d\000e\000k\000s\000\040\000p\000l\000i\000k\000\363\000w}{}
\BOOKMARK [1][-]{section.1.1}{\376\377\000L\000i\000s\000t\000a\000\040\000p\000l\000i\000k\000\363\000w}{chapter.1}
\BOOKMARK [0][-]{chapter.2}{\376\377\000D\000o\000k\000u\000m\000e\000n\000t\000a\000c\000j\000a\000\040\000p\000l\000i\000k\000\363\000w}{}
\BOOKMARK [1][-]{section.2.1}{\376\377\000D\000o\000k\000u\000m\000e\000n\000t\000a\000c\000j\000a\000\040\000p\000l\000i\000k\000u\000\040\000f\000u\000n\000k\000c\000j\000e\000.\000c\000p\000p}{chapter.2}
\BOOKMARK [2][-]{subsection.2.1.1}{\376\377\000D\000o\000k\000u\000m\000e\000n\000t\000a\000c\000j\000a\000\040\000f\000u\000n\000k\000c\000j\000i}{section.2.1}
\BOOKMARK [3][-]{subsubsection.2.1.1.1}{\376\377\000k\000o\000p\000i\000u\000j}{subsection.2.1.1}
\BOOKMARK [3][-]{subsubsection.2.1.1.2}{\376\377\000o\000b\000l\000i\000c\000z\000e\000n\000i\000a}{subsection.2.1.1}
\BOOKMARK [3][-]{subsubsection.2.1.1.3}{\376\377\000o\000t\000w\000o\000r\000z}{subsection.2.1.1}
\BOOKMARK [3][-]{subsubsection.2.1.1.4}{\376\377\000z\000a\000p\000i\000s\000z}{subsection.2.1.1}
\BOOKMARK [1][-]{section.2.2}{\376\377\000D\000o\000k\000u\000m\000e\000n\000t\000a\000c\000j\000a\000\040\000p\000l\000i\000k\000u\000\040\000f\000u\000n\000k\000c\000j\000e\000.\000h\000h}{chapter.2}
\BOOKMARK [2][-]{subsection.2.2.1}{\376\377\000D\000o\000k\000u\000m\000e\000n\000t\000a\000c\000j\000a\000\040\000d\000e\000f\000i\000n\000i\000c\000j\000i}{section.2.2}
\BOOKMARK [3][-]{subsubsection.2.2.1.1}{\376\377\000C\000L\000O\000C\000K\000S\000\137\000P\000E\000R\000\137\000S\000E\000C}{subsection.2.2.1}
\BOOKMARK [2][-]{subsection.2.2.2}{\376\377\000D\000o\000k\000u\000m\000e\000n\000t\000a\000c\000j\000a\000\040\000f\000u\000n\000k\000c\000j\000i}{section.2.2}
\BOOKMARK [3][-]{subsubsection.2.2.2.1}{\376\377\000k\000o\000p\000i\000u\000j}{subsection.2.2.2}
\BOOKMARK [3][-]{subsubsection.2.2.2.2}{\376\377\000o\000b\000l\000i\000c\000z\000e\000n\000i\000a}{subsection.2.2.2}
\BOOKMARK [3][-]{subsubsection.2.2.2.3}{\376\377\000o\000t\000w\000o\000r\000z}{subsection.2.2.2}
\BOOKMARK [3][-]{subsubsection.2.2.2.4}{\376\377\000z\000a\000p\000i\000s\000z}{subsection.2.2.2}
\BOOKMARK [1][-]{section.2.3}{\376\377\000D\000o\000k\000u\000m\000e\000n\000t\000a\000c\000j\000a\000\040\000p\000l\000i\000k\000u\000\040\000m\000a\000i\000n\000.\000c\000p\000p}{chapter.2}
\BOOKMARK [2][-]{subsection.2.3.1}{\376\377\000D\000o\000k\000u\000m\000e\000n\000t\000a\000c\000j\000a\000\040\000f\000u\000n\000k\000c\000j\000i}{section.2.3}
\BOOKMARK [3][-]{subsubsection.2.3.1.1}{\376\377\000m\000a\000i\000n}{subsection.2.3.1}
\BOOKMARK [2][-]{subsection.2.3.2}{\376\377\000D\000o\000k\000u\000m\000e\000n\000t\000a\000c\000j\000a\000\040\000z\000m\000i\000e\000n\000n\000y\000c\000h}{section.2.3}
\BOOKMARK [3][-]{subsubsection.2.3.2.1}{\376\377\000d\000a\000n\000e}{subsection.2.3.2}
\BOOKMARK [3][-]{subsubsection.2.3.2.2}{\376\377\000w\000y\000n\000i\000k}{subsection.2.3.2}
